2025-12-27 17:41:56,488 - httpx - INFO - HTTP Request: GET https://tkasqkecqamwhpunoboe.supabase.co/rest/v1/users?select=id%2Cemail%2Cfull_name%2Cpassword%2Ctenant_id%2Cis_active%2Cfirst_login%2Clast_login%2Clogin_count&email=ilike.qa.admin%40alchemy.local&limit=1 "HTTP/2 200 OK"
2025-12-27 17:44:01,206 - httpx - INFO - HTTP Request: GET https://tkasqkecqamwhpunoboe.supabase.co/rest/v1/users?select=id%2Cemail%2Cfull_name%2Cpassword%2Ctenant_id%2Cis_active%2Cfirst_login%2Clast_login%2Clogin_count&email=ilike.qa.admin%40alchemy.local&limit=1 "HTTP/2 200 OK"
2025-12-27 17:45:37,021 - httpx - INFO - HTTP Request: GET https://tkasqkecqamwhpunoboe.supabase.co/rest/v1/users?select=id%2Cemail%2Cfull_name%2Cpassword%2Ctenant_id%2Cis_active%2Cfirst_login%2Clast_login%2Clogin_count&email=ilike.qa.admin%40alchemy.local&limit=1 "HTTP/2 200 OK"
2025-12-27 17:45:37,748 - httpx - INFO - HTTP Request: PATCH https://tkasqkecqamwhpunoboe.supabase.co/rest/v1/users?id=eq.c72018f0-ac38-4a16-bfab-f054a8d65a96 "HTTP/2 200 OK"
2025-12-27 17:51:28,137 - httpx - INFO - HTTP Request: GET https://tkasqkecqamwhpunoboe.supabase.co/rest/v1/users?select=id%2Cemail%2Cfull_name%2Ctenant_id%2Cis_active&id=eq.eceb70a6-1b9e-4f09-8d4e-81dded00d19b&limit=1 "HTTP/2 200 OK"
2025-12-27 17:51:28,220 - httpx - INFO - HTTP Request: GET https://tkasqkecqamwhpunoboe.supabase.co/rest/v1/user_roles?select=%2A&user_id=eq.eceb70a6-1b9e-4f09-8d4e-81dded00d19b&tenant_id=eq.00000000-0000-0000-0000-000000000001 "HTTP/2 200 OK"
2025-12-27 17:51:28,295 - httpx - INFO - HTTP Request: GET https://tkasqkecqamwhpunoboe.supabase.co/rest/v1/roles?select=%2A&id=eq.037b4e5f-a926-4450-afab-bcbdcf80889d&tenant_id=eq.00000000-0000-0000-0000-000000000001&limit=1 "HTTP/2 200 OK"
2025-12-27 17:51:28,379 - httpx - INFO - HTTP Request: GET https://tkasqkecqamwhpunoboe.supabase.co/rest/v1/permissions?select=%2A&role_id=eq.037b4e5f-a926-4450-afab-bcbdcf80889d&tenant_id=eq.00000000-0000-0000-0000-000000000001 "HTTP/2 200 OK"
2025-12-27 17:51:28,495 - httpx - INFO - HTTP Request: GET https://tkasqkecqamwhpunoboe.supabase.co/rest/v1/users?select=id%2Cemail%2Cfull_name%2Ctenant_id%2Cis_active&id=eq.eceb70a6-1b9e-4f09-8d4e-81dded00d19b&limit=1 "HTTP/2 200 OK"
2025-12-27 17:51:28,566 - httpx - INFO - HTTP Request: GET https://tkasqkecqamwhpunoboe.supabase.co/rest/v1/user_roles?select=%2A&user_id=eq.eceb70a6-1b9e-4f09-8d4e-81dded00d19b&tenant_id=eq.00000000-0000-0000-0000-000000000001 "HTTP/2 200 OK"
2025-12-27 17:51:28,631 - httpx - INFO - HTTP Request: GET https://tkasqkecqamwhpunoboe.supabase.co/rest/v1/roles?select=%2A&id=eq.037b4e5f-a926-4450-afab-bcbdcf80889d&tenant_id=eq.00000000-0000-0000-0000-000000000001&limit=1 "HTTP/2 200 OK"
2025-12-27 17:51:28,712 - httpx - INFO - HTTP Request: GET https://tkasqkecqamwhpunoboe.supabase.co/rest/v1/users?select=id%2Cemail%2Cfull_name%2Ctenant_id%2Cis_active&id=eq.eceb70a6-1b9e-4f09-8d4e-81dded00d19b&limit=1 "HTTP/2 200 OK"
2025-12-27 17:51:28,793 - httpx - INFO - HTTP Request: GET https://tkasqkecqamwhpunoboe.supabase.co/rest/v1/tasks?select=%2A&tenant_id=eq.00000000-0000-0000-0000-000000000001&is_deleted=eq.False "HTTP/2 200 OK"
2025-12-27 17:51:28,912 - httpx - INFO - HTTP Request: GET https://tkasqkecqamwhpunoboe.supabase.co/rest/v1/security_controls?select=%2A&tenant_id=eq.00000000-0000-0000-0000-000000000001 "HTTP/2 200 OK"
2025-12-27 17:51:29,024 - httpx - INFO - HTTP Request: GET https://tkasqkecqamwhpunoboe.supabase.co/rest/v1/users?select=id%2Cemail%2Cfull_name%2Ctenant_id%2Cis_active&id=eq.eceb70a6-1b9e-4f09-8d4e-81dded00d19b&limit=1 "HTTP/2 200 OK"
2025-12-27 17:51:29,123 - httpx - INFO - HTTP Request: GET https://tkasqkecqamwhpunoboe.supabase.co/rest/v1/user_roles?select=%2A&user_id=eq.eceb70a6-1b9e-4f09-8d4e-81dded00d19b&tenant_id=eq.00000000-0000-0000-0000-000000000001 "HTTP/2 200 OK"
2025-12-27 17:51:29,194 - httpx - INFO - HTTP Request: GET https://tkasqkecqamwhpunoboe.supabase.co/rest/v1/roles?select=%2A&id=eq.037b4e5f-a926-4450-afab-bcbdcf80889d&tenant_id=eq.00000000-0000-0000-0000-000000000001&limit=1 "HTTP/2 200 OK"
2025-12-27 17:51:29,291 - httpx - INFO - HTTP Request: GET https://tkasqkecqamwhpunoboe.supabase.co/rest/v1/users?select=id%2Cemail%2Cfull_name%2Ctenant_id%2Cis_active&id=eq.eceb70a6-1b9e-4f09-8d4e-81dded00d19b&limit=1 "HTTP/2 200 OK"
2025-12-27 17:51:29,354 - httpx - INFO - HTTP Request: GET https://tkasqkecqamwhpunoboe.supabase.co/rest/v1/tasks?select=%2A&tenant_id=eq.00000000-0000-0000-0000-000000000001&is_deleted=eq.False "HTTP/2 200 OK"
2025-12-27 17:51:29,424 - httpx - INFO - HTTP Request: GET https://tkasqkecqamwhpunoboe.supabase.co/rest/v1/security_controls?select=%2A&tenant_id=eq.00000000-0000-0000-0000-000000000001 "HTTP/2 200 OK"
